nohup: ignoring input
[Wed Feb 18 07:19:04 PM +06 2026] Starting uvicorn...
/home/hm.rahman/cmt/keep_alive.sh: line 9: 2141644 Killed                  uvicorn app.main:app --host 0.0.0.0 --port 8000 --workers 1 >> /home/hm.rahman/cmt/logs/backend.log 2>&1
[Thu Feb 19 12:19:29 AM +06 2026] Uvicorn died, restarting in 3s...
[Thu Feb 19 12:19:32 AM +06 2026] Starting uvicorn...
/home/hm.rahman/cmt/keep_alive.sh: line 9: 2157409 Killed                  uvicorn app.main:app --host 0.0.0.0 --port 8000 --workers 1 >> /home/hm.rahman/cmt/logs/backend.log 2>&1
[Thu Feb 19 12:25:42 AM +06 2026] Uvicorn died, restarting in 3s...
[Thu Feb 19 12:25:45 AM +06 2026] Starting uvicorn...
/home/hm.rahman/cmt/keep_alive.sh: line 9: 2157791 Killed                  uvicorn app.main:app --host 0.0.0.0 --port 8000 --workers 1 >> /home/hm.rahman/cmt/logs/backend.log 2>&1
[Thu Feb 19 12:36:22 AM +06 2026] Uvicorn died, restarting in 3s...
[Thu Feb 19 12:36:25 AM +06 2026] Starting uvicorn...
/home/hm.rahman/cmt/keep_alive.sh: line 9: 2159553 Killed                  uvicorn app.main:app --host 0.0.0.0 --port 8000 --workers 1 >> /home/hm.rahman/cmt/logs/backend.log 2>&1
[Thu Feb 19 12:39:19 AM +06 2026] Uvicorn died, restarting in 3s...
[Thu Feb 19 12:39:22 AM +06 2026] Starting uvicorn...
/home/hm.rahman/cmt/keep_alive.sh: line 9: 2161525 Killed                  uvicorn app.main:app --host 0.0.0.0 --port 8000 --workers 1 >> /home/hm.rahman/cmt/logs/backend.log 2>&1
[Thu Feb 19 12:43:56 AM +06 2026] Uvicorn died, restarting in 3s...
[Thu Feb 19 12:43:59 AM +06 2026] Starting uvicorn...
[Thu Feb 19 12:44:00 AM +06 2026] Uvicorn died, restarting in 3s...
[Thu Feb 19 12:44:03 AM +06 2026] Starting uvicorn...
[Thu Feb 19 12:44:04 AM +06 2026] Uvicorn died, restarting in 3s...
[Thu Feb 19 12:44:07 AM +06 2026] Starting uvicorn...
[Thu Feb 19 12:44:08 AM +06 2026] Uvicorn died, restarting in 3s...
[Thu Feb 19 12:44:11 AM +06 2026] Starting uvicorn...
[Thu Feb 19 12:44:12 AM +06 2026] Uvicorn died, restarting in 3s...
[Thu Feb 19 12:44:15 AM +06 2026] Starting uvicorn...
[Thu Feb 19 12:44:16 AM +06 2026] Uvicorn died, restarting in 3s...
[Thu Feb 19 12:44:19 AM +06 2026] Starting uvicorn...
[Thu Feb 19 12:44:20 AM +06 2026] Uvicorn died, restarting in 3s...
[Thu Feb 19 12:44:23 AM +06 2026] Starting uvicorn...
[Thu Feb 19 12:44:24 AM +06 2026] Uvicorn died, restarting in 3s...
[Thu Feb 19 12:44:27 AM +06 2026] Starting uvicorn...
[Thu Feb 19 12:44:28 AM +06 2026] Uvicorn died, restarting in 3s...
[Thu Feb 19 12:44:31 AM +06 2026] Starting uvicorn...
[Thu Feb 19 12:44:32 AM +06 2026] Uvicorn died, restarting in 3s...
[Thu Feb 19 12:44:35 AM +06 2026] Starting uvicorn...
[Thu Feb 19 12:44:36 AM +06 2026] Uvicorn died, restarting in 3s...
[Thu Feb 19 12:44:39 AM +06 2026] Starting uvicorn...
[Thu Feb 19 12:44:40 AM +06 2026] Uvicorn died, restarting in 3s...
[Thu Feb 19 12:44:43 AM +06 2026] Starting uvicorn...
[Thu Feb 19 12:44:44 AM +06 2026] Uvicorn died, restarting in 3s...
[Thu Feb 19 12:44:47 AM +06 2026] Starting uvicorn...
[Thu Feb 19 12:44:48 AM +06 2026] Uvicorn died, restarting in 3s...
[Thu Feb 19 12:44:51 AM +06 2026] Starting uvicorn...
[Thu Feb 19 12:44:52 AM +06 2026] Uvicorn died, restarting in 3s...
[Thu Feb 19 12:44:55 AM +06 2026] Starting uvicorn...
[Thu Feb 19 12:44:56 AM +06 2026] Uvicorn died, restarting in 3s...
[Thu Feb 19 12:44:59 AM +06 2026] Starting uvicorn...
[Thu Feb 19 12:45:00 AM +06 2026] Uvicorn died, restarting in 3s...
[Thu Feb 19 12:45:04 AM +06 2026] Starting uvicorn...
[Thu Feb 19 12:45:04 AM +06 2026] Uvicorn died, restarting in 3s...
[Thu Feb 19 12:45:07 AM +06 2026] Starting uvicorn...
[Thu Feb 19 12:45:08 AM +06 2026] Uvicorn died, restarting in 3s...
[Thu Feb 19 12:45:11 AM +06 2026] Starting uvicorn...
[Thu Feb 19 12:45:12 AM +06 2026] Uvicorn died, restarting in 3s...
[Thu Feb 19 12:45:15 AM +06 2026] Starting uvicorn...
[Thu Feb 19 12:45:16 AM +06 2026] Uvicorn died, restarting in 3s...
[Thu Feb 19 12:45:19 AM +06 2026] Starting uvicorn...
[Thu Feb 19 12:45:20 AM +06 2026] Uvicorn died, restarting in 3s...
[Thu Feb 19 12:45:23 AM +06 2026] Starting uvicorn...
[Thu Feb 19 12:45:24 AM +06 2026] Uvicorn died, restarting in 3s...
[Thu Feb 19 12:45:27 AM +06 2026] Starting uvicorn...
[Thu Feb 19 12:45:28 AM +06 2026] Uvicorn died, restarting in 3s...
[Thu Feb 19 12:45:31 AM +06 2026] Starting uvicorn...
[Thu Feb 19 12:45:32 AM +06 2026] Uvicorn died, restarting in 3s...
[Thu Feb 19 12:45:35 AM +06 2026] Starting uvicorn...
[Thu Feb 19 12:45:36 AM +06 2026] Uvicorn died, restarting in 3s...
[Thu Feb 19 12:45:39 AM +06 2026] Starting uvicorn...
[Thu Feb 19 12:45:40 AM +06 2026] Uvicorn died, restarting in 3s...
[Thu Feb 19 12:45:43 AM +06 2026] Starting uvicorn...
[Thu Feb 19 12:45:44 AM +06 2026] Uvicorn died, restarting in 3s...
[Thu Feb 19 12:45:47 AM +06 2026] Starting uvicorn...
[Thu Feb 19 12:45:48 AM +06 2026] Uvicorn died, restarting in 3s...
[Thu Feb 19 12:45:51 AM +06 2026] Starting uvicorn...
[Thu Feb 19 12:45:52 AM +06 2026] Uvicorn died, restarting in 3s...
[Thu Feb 19 12:45:55 AM +06 2026] Starting uvicorn...
[Thu Feb 19 12:45:56 AM +06 2026] Uvicorn died, restarting in 3s...
[Thu Feb 19 12:45:59 AM +06 2026] Starting uvicorn...
[Thu Feb 19 12:46:00 AM +06 2026] Uvicorn died, restarting in 3s...
[Thu Feb 19 12:46:03 AM +06 2026] Starting uvicorn...
[Thu Feb 19 12:46:04 AM +06 2026] Uvicorn died, restarting in 3s...
[Thu Feb 19 12:46:07 AM +06 2026] Starting uvicorn...
[Thu Feb 19 12:46:08 AM +06 2026] Uvicorn died, restarting in 3s...
[Thu Feb 19 12:46:11 AM +06 2026] Starting uvicorn...
[Thu Feb 19 12:46:12 AM +06 2026] Uvicorn died, restarting in 3s...
[Thu Feb 19 12:46:15 AM +06 2026] Starting uvicorn...
[Thu Feb 19 12:46:16 AM +06 2026] Uvicorn died, restarting in 3s...
[Thu Feb 19 12:46:19 AM +06 2026] Starting uvicorn...
[Thu Feb 19 12:46:20 AM +06 2026] Uvicorn died, restarting in 3s...
[Thu Feb 19 12:46:23 AM +06 2026] Starting uvicorn...
[Thu Feb 19 12:46:24 AM +06 2026] Uvicorn died, restarting in 3s...
[Thu Feb 19 12:46:27 AM +06 2026] Starting uvicorn...
[Thu Feb 19 12:46:28 AM +06 2026] Uvicorn died, restarting in 3s...
[Thu Feb 19 12:46:31 AM +06 2026] Starting uvicorn...
[Thu Feb 19 12:46:32 AM +06 2026] Uvicorn died, restarting in 3s...
[Thu Feb 19 12:46:35 AM +06 2026] Starting uvicorn...
[Thu Feb 19 12:46:36 AM +06 2026] Uvicorn died, restarting in 3s...
[Thu Feb 19 12:46:39 AM +06 2026] Starting uvicorn...
[Thu Feb 19 12:46:41 AM +06 2026] Uvicorn died, restarting in 3s...
[Thu Feb 19 12:46:44 AM +06 2026] Starting uvicorn...
[Thu Feb 19 12:46:45 AM +06 2026] Uvicorn died, restarting in 3s...
[Thu Feb 19 12:46:48 AM +06 2026] Starting uvicorn...
[Thu Feb 19 12:46:49 AM +06 2026] Uvicorn died, restarting in 3s...
[Thu Feb 19 12:46:52 AM +06 2026] Starting uvicorn...
[Thu Feb 19 12:46:53 AM +06 2026] Uvicorn died, restarting in 3s...
[Thu Feb 19 12:46:56 AM +06 2026] Starting uvicorn...
[Thu Feb 19 12:46:57 AM +06 2026] Uvicorn died, restarting in 3s...
[Thu Feb 19 12:47:00 AM +06 2026] Starting uvicorn...
[Thu Feb 19 12:47:01 AM +06 2026] Uvicorn died, restarting in 3s...
[Thu Feb 19 12:47:04 AM +06 2026] Starting uvicorn...
[Thu Feb 19 12:47:04 AM +06 2026] Uvicorn died, restarting in 3s...
[Thu Feb 19 12:47:07 AM +06 2026] Starting uvicorn...
[Thu Feb 19 12:47:08 AM +06 2026] Uvicorn died, restarting in 3s...
[Thu Feb 19 12:47:11 AM +06 2026] Starting uvicorn...
[Thu Feb 19 12:47:12 AM +06 2026] Uvicorn died, restarting in 3s...
[Thu Feb 19 12:47:15 AM +06 2026] Starting uvicorn...
[Thu Feb 19 12:47:16 AM +06 2026] Uvicorn died, restarting in 3s...
[Thu Feb 19 12:47:19 AM +06 2026] Starting uvicorn...
[Thu Feb 19 12:47:20 AM +06 2026] Uvicorn died, restarting in 3s...
[Thu Feb 19 12:47:23 AM +06 2026] Starting uvicorn...
[Thu Feb 19 12:47:24 AM +06 2026] Uvicorn died, restarting in 3s...
[Thu Feb 19 12:47:27 AM +06 2026] Starting uvicorn...
[Thu Feb 19 12:47:28 AM +06 2026] Uvicorn died, restarting in 3s...
[Thu Feb 19 12:47:31 AM +06 2026] Starting uvicorn...
[Thu Feb 19 12:47:32 AM +06 2026] Uvicorn died, restarting in 3s...
[Thu Feb 19 12:47:35 AM +06 2026] Starting uvicorn...
[Thu Feb 19 12:47:36 AM +06 2026] Uvicorn died, restarting in 3s...
[Thu Feb 19 12:47:39 AM +06 2026] Starting uvicorn...
[Thu Feb 19 12:47:40 AM +06 2026] Uvicorn died, restarting in 3s...
[Thu Feb 19 12:47:43 AM +06 2026] Starting uvicorn...
[Thu Feb 19 12:47:44 AM +06 2026] Uvicorn died, restarting in 3s...
[Thu Feb 19 12:47:47 AM +06 2026] Starting uvicorn...
[Thu Feb 19 12:47:48 AM +06 2026] Uvicorn died, restarting in 3s...
[Thu Feb 19 12:47:51 AM +06 2026] Starting uvicorn...
[Thu Feb 19 12:47:52 AM +06 2026] Uvicorn died, restarting in 3s...
[Thu Feb 19 12:47:55 AM +06 2026] Starting uvicorn...
[Thu Feb 19 12:47:56 AM +06 2026] Uvicorn died, restarting in 3s...
[Thu Feb 19 12:47:59 AM +06 2026] Starting uvicorn...
[Thu Feb 19 12:48:00 AM +06 2026] Uvicorn died, restarting in 3s...
[Thu Feb 19 12:48:03 AM +06 2026] Starting uvicorn...
[Thu Feb 19 12:48:04 AM +06 2026] Uvicorn died, restarting in 3s...
[Thu Feb 19 12:48:07 AM +06 2026] Starting uvicorn...
[Thu Feb 19 12:48:08 AM +06 2026] Uvicorn died, restarting in 3s...
[Thu Feb 19 12:48:11 AM +06 2026] Starting uvicorn...
[Thu Feb 19 12:48:12 AM +06 2026] Uvicorn died, restarting in 3s...
[Thu Feb 19 12:48:15 AM +06 2026] Starting uvicorn...
[Thu Feb 19 12:48:16 AM +06 2026] Uvicorn died, restarting in 3s...
[Thu Feb 19 12:48:19 AM +06 2026] Starting uvicorn...
[Thu Feb 19 12:48:20 AM +06 2026] Uvicorn died, restarting in 3s...
[Thu Feb 19 12:48:23 AM +06 2026] Starting uvicorn...
[Thu Feb 19 12:48:24 AM +06 2026] Uvicorn died, restarting in 3s...
[Thu Feb 19 12:48:27 AM +06 2026] Starting uvicorn...
[Thu Feb 19 12:48:28 AM +06 2026] Uvicorn died, restarting in 3s...
[Thu Feb 19 12:48:31 AM +06 2026] Starting uvicorn...
[Thu Feb 19 12:48:32 AM +06 2026] Uvicorn died, restarting in 3s...
[Thu Feb 19 12:48:35 AM +06 2026] Starting uvicorn...
[Thu Feb 19 12:48:36 AM +06 2026] Uvicorn died, restarting in 3s...
[Thu Feb 19 12:48:39 AM +06 2026] Starting uvicorn...
[Thu Feb 19 12:48:40 AM +06 2026] Uvicorn died, restarting in 3s...
[Thu Feb 19 12:48:43 AM +06 2026] Starting uvicorn...
[Thu Feb 19 12:48:45 AM +06 2026] Uvicorn died, restarting in 3s...
[Thu Feb 19 12:48:48 AM +06 2026] Starting uvicorn...
[Thu Feb 19 12:48:49 AM +06 2026] Uvicorn died, restarting in 3s...
[Thu Feb 19 12:48:52 AM +06 2026] Starting uvicorn...
[Thu Feb 19 12:48:53 AM +06 2026] Uvicorn died, restarting in 3s...
[Thu Feb 19 12:48:56 AM +06 2026] Starting uvicorn...
[Thu Feb 19 12:48:57 AM +06 2026] Uvicorn died, restarting in 3s...
[Thu Feb 19 12:49:00 AM +06 2026] Starting uvicorn...
[Thu Feb 19 12:49:01 AM +06 2026] Uvicorn died, restarting in 3s...
[Thu Feb 19 12:49:04 AM +06 2026] Starting uvicorn...
[Thu Feb 19 12:49:05 AM +06 2026] Uvicorn died, restarting in 3s...
[Thu Feb 19 12:49:08 AM +06 2026] Starting uvicorn...
[Thu Feb 19 12:49:09 AM +06 2026] Uvicorn died, restarting in 3s...
[Thu Feb 19 12:49:12 AM +06 2026] Starting uvicorn...
[Thu Feb 19 12:49:13 AM +06 2026] Uvicorn died, restarting in 3s...
[Thu Feb 19 12:49:16 AM +06 2026] Starting uvicorn...
[Thu Feb 19 12:49:16 AM +06 2026] Uvicorn died, restarting in 3s...
[Thu Feb 19 12:49:20 AM +06 2026] Starting uvicorn...
[Thu Feb 19 12:49:20 AM +06 2026] Uvicorn died, restarting in 3s...
[Thu Feb 19 12:49:24 AM +06 2026] Starting uvicorn...
[Thu Feb 19 12:49:24 AM +06 2026] Uvicorn died, restarting in 3s...
[Thu Feb 19 12:49:27 AM +06 2026] Starting uvicorn...
[Thu Feb 19 12:49:28 AM +06 2026] Uvicorn died, restarting in 3s...
[Thu Feb 19 12:49:31 AM +06 2026] Starting uvicorn...
[Thu Feb 19 12:49:32 AM +06 2026] Uvicorn died, restarting in 3s...
[Thu Feb 19 12:49:35 AM +06 2026] Starting uvicorn...
[Thu Feb 19 12:49:36 AM +06 2026] Uvicorn died, restarting in 3s...
[Thu Feb 19 12:49:39 AM +06 2026] Starting uvicorn...
[Thu Feb 19 12:49:40 AM +06 2026] Uvicorn died, restarting in 3s...
[Thu Feb 19 12:49:43 AM +06 2026] Starting uvicorn...
[Thu Feb 19 12:49:44 AM +06 2026] Uvicorn died, restarting in 3s...
[Thu Feb 19 12:49:47 AM +06 2026] Starting uvicorn...
[Thu Feb 19 12:49:48 AM +06 2026] Uvicorn died, restarting in 3s...
[Thu Feb 19 12:49:51 AM +06 2026] Starting uvicorn...
[Thu Feb 19 12:49:52 AM +06 2026] Uvicorn died, restarting in 3s...
[Thu Feb 19 12:49:55 AM +06 2026] Starting uvicorn...
[Thu Feb 19 12:49:57 AM +06 2026] Uvicorn died, restarting in 3s...
[Thu Feb 19 12:50:00 AM +06 2026] Starting uvicorn...
[Thu Feb 19 12:50:01 AM +06 2026] Uvicorn died, restarting in 3s...
[Thu Feb 19 12:50:04 AM +06 2026] Starting uvicorn...
[Thu Feb 19 12:50:05 AM +06 2026] Uvicorn died, restarting in 3s...
[Thu Feb 19 12:50:08 AM +06 2026] Starting uvicorn...
[Thu Feb 19 12:50:09 AM +06 2026] Uvicorn died, restarting in 3s...
[Thu Feb 19 12:50:12 AM +06 2026] Starting uvicorn...
[Thu Feb 19 12:50:13 AM +06 2026] Uvicorn died, restarting in 3s...
[Thu Feb 19 12:50:16 AM +06 2026] Starting uvicorn...
[Thu Feb 19 12:50:17 AM +06 2026] Uvicorn died, restarting in 3s...
[Thu Feb 19 12:50:20 AM +06 2026] Starting uvicorn...
[Thu Feb 19 12:50:21 AM +06 2026] Uvicorn died, restarting in 3s...
[Thu Feb 19 12:50:24 AM +06 2026] Starting uvicorn...
[Thu Feb 19 12:50:25 AM +06 2026] Uvicorn died, restarting in 3s...
[Thu Feb 19 12:50:28 AM +06 2026] Starting uvicorn...
[Thu Feb 19 12:50:29 AM +06 2026] Uvicorn died, restarting in 3s...
[Thu Feb 19 12:50:32 AM +06 2026] Starting uvicorn...
[Thu Feb 19 12:50:33 AM +06 2026] Uvicorn died, restarting in 3s...
[Thu Feb 19 12:50:36 AM +06 2026] Starting uvicorn...
[Thu Feb 19 12:50:37 AM +06 2026] Uvicorn died, restarting in 3s...
[Thu Feb 19 12:50:40 AM +06 2026] Starting uvicorn...
[Thu Feb 19 12:50:41 AM +06 2026] Uvicorn died, restarting in 3s...
[Thu Feb 19 12:50:44 AM +06 2026] Starting uvicorn...
[Thu Feb 19 12:50:45 AM +06 2026] Uvicorn died, restarting in 3s...
[Thu Feb 19 12:50:48 AM +06 2026] Starting uvicorn...
[Thu Feb 19 12:50:49 AM +06 2026] Uvicorn died, restarting in 3s...
[Thu Feb 19 12:50:52 AM +06 2026] Starting uvicorn...
[Thu Feb 19 12:50:53 AM +06 2026] Uvicorn died, restarting in 3s...
[Thu Feb 19 12:50:56 AM +06 2026] Starting uvicorn...
[Thu Feb 19 12:50:57 AM +06 2026] Uvicorn died, restarting in 3s...
[Thu Feb 19 12:51:00 AM +06 2026] Starting uvicorn...
[Thu Feb 19 12:51:01 AM +06 2026] Uvicorn died, restarting in 3s...
[Thu Feb 19 12:51:04 AM +06 2026] Starting uvicorn...
[Thu Feb 19 12:51:05 AM +06 2026] Uvicorn died, restarting in 3s...
[Thu Feb 19 12:51:08 AM +06 2026] Starting uvicorn...
[Thu Feb 19 12:51:09 AM +06 2026] Uvicorn died, restarting in 3s...
[Thu Feb 19 12:51:12 AM +06 2026] Starting uvicorn...
[Thu Feb 19 12:51:13 AM +06 2026] Uvicorn died, restarting in 3s...
[Thu Feb 19 12:51:16 AM +06 2026] Starting uvicorn...
[Thu Feb 19 12:51:17 AM +06 2026] Uvicorn died, restarting in 3s...
[Thu Feb 19 12:51:20 AM +06 2026] Starting uvicorn...
[Thu Feb 19 12:51:21 AM +06 2026] Uvicorn died, restarting in 3s...
[Thu Feb 19 12:51:24 AM +06 2026] Starting uvicorn...
[Thu Feb 19 12:51:25 AM +06 2026] Uvicorn died, restarting in 3s...
[Thu Feb 19 12:51:28 AM +06 2026] Starting uvicorn...
[Thu Feb 19 12:51:29 AM +06 2026] Uvicorn died, restarting in 3s...
[Thu Feb 19 12:51:32 AM +06 2026] Starting uvicorn...
[Thu Feb 19 12:51:33 AM +06 2026] Uvicorn died, restarting in 3s...
[Thu Feb 19 12:51:36 AM +06 2026] Starting uvicorn...
[Thu Feb 19 12:51:37 AM +06 2026] Uvicorn died, restarting in 3s...
[Thu Feb 19 12:51:40 AM +06 2026] Starting uvicorn...
[Thu Feb 19 12:51:41 AM +06 2026] Uvicorn died, restarting in 3s...
[Thu Feb 19 12:51:44 AM +06 2026] Starting uvicorn...
[Thu Feb 19 12:51:45 AM +06 2026] Uvicorn died, restarting in 3s...
[Thu Feb 19 12:51:48 AM +06 2026] Starting uvicorn...
[Thu Feb 19 12:51:49 AM +06 2026] Uvicorn died, restarting in 3s...
[Thu Feb 19 12:51:52 AM +06 2026] Starting uvicorn...
[Thu Feb 19 12:51:53 AM +06 2026] Uvicorn died, restarting in 3s...
[Thu Feb 19 12:51:56 AM +06 2026] Starting uvicorn...
[Thu Feb 19 12:51:57 AM +06 2026] Uvicorn died, restarting in 3s...
[Thu Feb 19 12:52:00 AM +06 2026] Starting uvicorn...
[Thu Feb 19 12:52:01 AM +06 2026] Uvicorn died, restarting in 3s...
[Thu Feb 19 12:52:04 AM +06 2026] Starting uvicorn...
[Thu Feb 19 12:52:05 AM +06 2026] Uvicorn died, restarting in 3s...
[Thu Feb 19 12:52:08 AM +06 2026] Starting uvicorn...
[Thu Feb 19 12:52:09 AM +06 2026] Uvicorn died, restarting in 3s...
[Thu Feb 19 12:52:12 AM +06 2026] Starting uvicorn...
[Thu Feb 19 12:52:13 AM +06 2026] Uvicorn died, restarting in 3s...
[Thu Feb 19 12:52:16 AM +06 2026] Starting uvicorn...
[Thu Feb 19 12:52:17 AM +06 2026] Uvicorn died, restarting in 3s...
[Thu Feb 19 12:52:20 AM +06 2026] Starting uvicorn...
[Thu Feb 19 12:52:21 AM +06 2026] Uvicorn died, restarting in 3s...
[Thu Feb 19 12:52:24 AM +06 2026] Starting uvicorn...
[Thu Feb 19 12:52:25 AM +06 2026] Uvicorn died, restarting in 3s...
[Thu Feb 19 12:52:28 AM +06 2026] Starting uvicorn...
[Thu Feb 19 12:52:29 AM +06 2026] Uvicorn died, restarting in 3s...
[Thu Feb 19 12:52:32 AM +06 2026] Starting uvicorn...
[Thu Feb 19 12:52:33 AM +06 2026] Uvicorn died, restarting in 3s...
[Thu Feb 19 12:52:36 AM +06 2026] Starting uvicorn...
[Thu Feb 19 12:52:37 AM +06 2026] Uvicorn died, restarting in 3s...
[Thu Feb 19 12:52:40 AM +06 2026] Starting uvicorn...
[Thu Feb 19 12:52:41 AM +06 2026] Uvicorn died, restarting in 3s...
[Thu Feb 19 12:52:44 AM +06 2026] Starting uvicorn...
[Thu Feb 19 12:52:45 AM +06 2026] Uvicorn died, restarting in 3s...
[Thu Feb 19 12:52:48 AM +06 2026] Starting uvicorn...
[Thu Feb 19 12:52:49 AM +06 2026] Uvicorn died, restarting in 3s...
[Thu Feb 19 12:52:52 AM +06 2026] Starting uvicorn...
/home/hm.rahman/cmt/keep_alive.sh: line 9: 2163816 Killed                  uvicorn app.main:app --host 0.0.0.0 --port 8000 --workers 1 >> /home/hm.rahman/cmt/logs/backend.log 2>&1
[Thu Feb 19 12:53:11 AM +06 2026] Uvicorn died, restarting in 3s...
[Thu Feb 19 12:53:14 AM +06 2026] Starting uvicorn...
/home/hm.rahman/cmt/keep_alive.sh: line 9: 2163854 Killed                  uvicorn app.main:app --host 0.0.0.0 --port 8000 --workers 1 >> /home/hm.rahman/cmt/logs/backend.log 2>&1
[Thu Feb 19 12:57:15 AM +06 2026] Uvicorn died, restarting in 3s...
[Thu Feb 19 12:57:18 AM +06 2026] Starting uvicorn...
/home/hm.rahman/cmt/keep_alive.sh: line 9: 2164171 Killed                  uvicorn app.main:app --host 0.0.0.0 --port 8000 --workers 1 >> /home/hm.rahman/cmt/logs/backend.log 2>&1
[Thu Feb 19 01:08:14 AM +06 2026] Uvicorn died, restarting in 3s...
[Thu Feb 19 01:08:17 AM +06 2026] Starting uvicorn...
/home/hm.rahman/cmt/keep_alive.sh: line 9: 2165055 Killed                  uvicorn app.main:app --host 0.0.0.0 --port 8000 --workers 1 >> /home/hm.rahman/cmt/logs/backend.log 2>&1
[Thu Feb 19 01:38:26 AM +06 2026] Uvicorn died, restarting in 3s...
[Thu Feb 19 01:38:29 AM +06 2026] Starting uvicorn...
[Thu Feb 19 01:38:30 AM +06 2026] Uvicorn died, restarting in 3s...
[Thu Feb 19 01:38:33 AM +06 2026] Starting uvicorn...
[Thu Feb 19 01:38:34 AM +06 2026] Uvicorn died, restarting in 3s...
[Thu Feb 19 01:38:37 AM +06 2026] Starting uvicorn...
[Thu Feb 19 01:38:38 AM +06 2026] Uvicorn died, restarting in 3s...
[Thu Feb 19 01:38:41 AM +06 2026] Starting uvicorn...
[Thu Feb 19 01:38:42 AM +06 2026] Uvicorn died, restarting in 3s...
[Thu Feb 19 01:38:45 AM +06 2026] Starting uvicorn...
[Thu Feb 19 01:38:46 AM +06 2026] Uvicorn died, restarting in 3s...
[Thu Feb 19 01:38:49 AM +06 2026] Starting uvicorn...
[Thu Feb 19 01:38:50 AM +06 2026] Uvicorn died, restarting in 3s...
[Thu Feb 19 01:38:53 AM +06 2026] Starting uvicorn...
[Thu Feb 19 01:38:54 AM +06 2026] Uvicorn died, restarting in 3s...
[Thu Feb 19 01:38:57 AM +06 2026] Starting uvicorn...
[Thu Feb 19 01:38:58 AM +06 2026] Uvicorn died, restarting in 3s...
[Thu Feb 19 01:39:01 AM +06 2026] Starting uvicorn...
[Thu Feb 19 01:39:02 AM +06 2026] Uvicorn died, restarting in 3s...
[Thu Feb 19 01:39:05 AM +06 2026] Starting uvicorn...
[Thu Feb 19 01:39:06 AM +06 2026] Uvicorn died, restarting in 3s...
[Thu Feb 19 01:39:09 AM +06 2026] Starting uvicorn...
[Thu Feb 19 01:39:10 AM +06 2026] Uvicorn died, restarting in 3s...
[Thu Feb 19 01:39:13 AM +06 2026] Starting uvicorn...
[Thu Feb 19 01:39:14 AM +06 2026] Uvicorn died, restarting in 3s...
[Thu Feb 19 01:39:17 AM +06 2026] Starting uvicorn...
[Thu Feb 19 01:39:18 AM +06 2026] Uvicorn died, restarting in 3s...
[Thu Feb 19 01:39:21 AM +06 2026] Starting uvicorn...
[Thu Feb 19 01:39:22 AM +06 2026] Uvicorn died, restarting in 3s...
[Thu Feb 19 01:39:25 AM +06 2026] Starting uvicorn...
[Thu Feb 19 01:39:26 AM +06 2026] Uvicorn died, restarting in 3s...
[Thu Feb 19 01:39:29 AM +06 2026] Starting uvicorn...
[Thu Feb 19 01:39:30 AM +06 2026] Uvicorn died, restarting in 3s...
[Thu Feb 19 01:39:33 AM +06 2026] Starting uvicorn...
[Thu Feb 19 01:39:34 AM +06 2026] Uvicorn died, restarting in 3s...
[Thu Feb 19 01:39:37 AM +06 2026] Starting uvicorn...
[Thu Feb 19 01:39:38 AM +06 2026] Uvicorn died, restarting in 3s...
[Thu Feb 19 01:39:41 AM +06 2026] Starting uvicorn...
[Thu Feb 19 01:39:42 AM +06 2026] Uvicorn died, restarting in 3s...
[Thu Feb 19 01:39:45 AM +06 2026] Starting uvicorn...
[Thu Feb 19 01:39:46 AM +06 2026] Uvicorn died, restarting in 3s...
[Thu Feb 19 01:39:49 AM +06 2026] Starting uvicorn...
[Thu Feb 19 01:39:50 AM +06 2026] Uvicorn died, restarting in 3s...
[Thu Feb 19 01:39:53 AM +06 2026] Starting uvicorn...
[Thu Feb 19 01:39:54 AM +06 2026] Uvicorn died, restarting in 3s...
[Thu Feb 19 01:39:57 AM +06 2026] Starting uvicorn...
[Thu Feb 19 01:39:58 AM +06 2026] Uvicorn died, restarting in 3s...
[Thu Feb 19 01:40:01 AM +06 2026] Starting uvicorn...
[Thu Feb 19 01:40:02 AM +06 2026] Uvicorn died, restarting in 3s...
[Thu Feb 19 01:40:05 AM +06 2026] Starting uvicorn...
[Thu Feb 19 01:40:06 AM +06 2026] Uvicorn died, restarting in 3s...
[Thu Feb 19 01:40:09 AM +06 2026] Starting uvicorn...
[Thu Feb 19 01:40:10 AM +06 2026] Uvicorn died, restarting in 3s...
[Thu Feb 19 01:40:13 AM +06 2026] Starting uvicorn...
[Thu Feb 19 01:40:14 AM +06 2026] Uvicorn died, restarting in 3s...
[Thu Feb 19 01:40:17 AM +06 2026] Starting uvicorn...
[Thu Feb 19 01:40:18 AM +06 2026] Uvicorn died, restarting in 3s...
[Thu Feb 19 01:40:21 AM +06 2026] Starting uvicorn...
[Thu Feb 19 01:40:22 AM +06 2026] Uvicorn died, restarting in 3s...
[Thu Feb 19 01:40:25 AM +06 2026] Starting uvicorn...
[Thu Feb 19 01:40:26 AM +06 2026] Uvicorn died, restarting in 3s...
[Thu Feb 19 01:40:29 AM +06 2026] Starting uvicorn...
[Thu Feb 19 01:40:30 AM +06 2026] Uvicorn died, restarting in 3s...
[Thu Feb 19 01:40:33 AM +06 2026] Starting uvicorn...
[Thu Feb 19 01:40:34 AM +06 2026] Uvicorn died, restarting in 3s...
[Thu Feb 19 01:40:37 AM +06 2026] Starting uvicorn...
[Thu Feb 19 01:40:38 AM +06 2026] Uvicorn died, restarting in 3s...
[Thu Feb 19 01:40:41 AM +06 2026] Starting uvicorn...
[Thu Feb 19 01:40:42 AM +06 2026] Uvicorn died, restarting in 3s...
[Thu Feb 19 01:40:45 AM +06 2026] Starting uvicorn...
[Thu Feb 19 01:40:46 AM +06 2026] Uvicorn died, restarting in 3s...
[Thu Feb 19 01:40:49 AM +06 2026] Starting uvicorn...
[Thu Feb 19 01:40:50 AM +06 2026] Uvicorn died, restarting in 3s...
[Thu Feb 19 01:40:53 AM +06 2026] Starting uvicorn...
[Thu Feb 19 01:40:54 AM +06 2026] Uvicorn died, restarting in 3s...
[Thu Feb 19 01:40:57 AM +06 2026] Starting uvicorn...
[Thu Feb 19 01:40:58 AM +06 2026] Uvicorn died, restarting in 3s...
[Thu Feb 19 01:41:01 AM +06 2026] Starting uvicorn...
[Thu Feb 19 01:41:02 AM +06 2026] Uvicorn died, restarting in 3s...
[Thu Feb 19 01:41:05 AM +06 2026] Starting uvicorn...
[Thu Feb 19 01:41:06 AM +06 2026] Uvicorn died, restarting in 3s...
[Thu Feb 19 01:41:09 AM +06 2026] Starting uvicorn...
[Thu Feb 19 01:41:10 AM +06 2026] Uvicorn died, restarting in 3s...
[Thu Feb 19 01:41:13 AM +06 2026] Starting uvicorn...
[Thu Feb 19 01:41:14 AM +06 2026] Uvicorn died, restarting in 3s...
[Thu Feb 19 01:41:17 AM +06 2026] Starting uvicorn...
[Thu Feb 19 01:41:18 AM +06 2026] Uvicorn died, restarting in 3s...
[Thu Feb 19 01:41:21 AM +06 2026] Starting uvicorn...
[Thu Feb 19 01:41:22 AM +06 2026] Uvicorn died, restarting in 3s...
[Thu Feb 19 01:41:25 AM +06 2026] Starting uvicorn...
[Thu Feb 19 01:41:26 AM +06 2026] Uvicorn died, restarting in 3s...
[Thu Feb 19 01:41:29 AM +06 2026] Starting uvicorn...
[Thu Feb 19 01:41:30 AM +06 2026] Uvicorn died, restarting in 3s...
[Thu Feb 19 01:41:33 AM +06 2026] Starting uvicorn...
[Thu Feb 19 01:41:34 AM +06 2026] Uvicorn died, restarting in 3s...
[Thu Feb 19 01:41:37 AM +06 2026] Starting uvicorn...
[Thu Feb 19 01:41:38 AM +06 2026] Uvicorn died, restarting in 3s...
[Thu Feb 19 01:41:41 AM +06 2026] Starting uvicorn...
[Thu Feb 19 01:41:42 AM +06 2026] Uvicorn died, restarting in 3s...
[Thu Feb 19 01:41:45 AM +06 2026] Starting uvicorn...
[Thu Feb 19 01:41:46 AM +06 2026] Uvicorn died, restarting in 3s...
[Thu Feb 19 01:41:49 AM +06 2026] Starting uvicorn...
[Thu Feb 19 01:41:50 AM +06 2026] Uvicorn died, restarting in 3s...
[Thu Feb 19 01:41:53 AM +06 2026] Starting uvicorn...
[Thu Feb 19 01:41:54 AM +06 2026] Uvicorn died, restarting in 3s...
[Thu Feb 19 01:41:57 AM +06 2026] Starting uvicorn...
[Thu Feb 19 01:41:58 AM +06 2026] Uvicorn died, restarting in 3s...
[Thu Feb 19 01:42:01 AM +06 2026] Starting uvicorn...
[Thu Feb 19 01:42:02 AM +06 2026] Uvicorn died, restarting in 3s...
[Thu Feb 19 01:42:05 AM +06 2026] Starting uvicorn...
[Thu Feb 19 01:42:06 AM +06 2026] Uvicorn died, restarting in 3s...
[Thu Feb 19 01:42:09 AM +06 2026] Starting uvicorn...
[Thu Feb 19 01:42:10 AM +06 2026] Uvicorn died, restarting in 3s...
[Thu Feb 19 01:42:13 AM +06 2026] Starting uvicorn...
[Thu Feb 19 01:42:14 AM +06 2026] Uvicorn died, restarting in 3s...
[Thu Feb 19 01:42:17 AM +06 2026] Starting uvicorn...
[Thu Feb 19 01:42:18 AM +06 2026] Uvicorn died, restarting in 3s...
[Thu Feb 19 01:42:21 AM +06 2026] Starting uvicorn...
[Thu Feb 19 01:42:22 AM +06 2026] Uvicorn died, restarting in 3s...
[Thu Feb 19 01:42:25 AM +06 2026] Starting uvicorn...
[Thu Feb 19 01:42:26 AM +06 2026] Uvicorn died, restarting in 3s...
[Thu Feb 19 01:42:29 AM +06 2026] Starting uvicorn...
[Thu Feb 19 01:42:30 AM +06 2026] Uvicorn died, restarting in 3s...
[Thu Feb 19 01:42:33 AM +06 2026] Starting uvicorn...
[Thu Feb 19 01:42:34 AM +06 2026] Uvicorn died, restarting in 3s...
[Thu Feb 19 01:42:37 AM +06 2026] Starting uvicorn...
[Thu Feb 19 01:42:38 AM +06 2026] Uvicorn died, restarting in 3s...
[Thu Feb 19 01:42:41 AM +06 2026] Starting uvicorn...
[Thu Feb 19 01:42:42 AM +06 2026] Uvicorn died, restarting in 3s...
[Thu Feb 19 01:42:45 AM +06 2026] Starting uvicorn...
[Thu Feb 19 01:42:46 AM +06 2026] Uvicorn died, restarting in 3s...
[Thu Feb 19 01:42:49 AM +06 2026] Starting uvicorn...
[Thu Feb 19 01:42:50 AM +06 2026] Uvicorn died, restarting in 3s...
[Thu Feb 19 01:42:53 AM +06 2026] Starting uvicorn...
[Thu Feb 19 01:42:54 AM +06 2026] Uvicorn died, restarting in 3s...
[Thu Feb 19 01:42:57 AM +06 2026] Starting uvicorn...
[Thu Feb 19 01:42:58 AM +06 2026] Uvicorn died, restarting in 3s...
[Thu Feb 19 01:43:01 AM +06 2026] Starting uvicorn...
[Thu Feb 19 01:43:02 AM +06 2026] Uvicorn died, restarting in 3s...
[Thu Feb 19 01:43:05 AM +06 2026] Starting uvicorn...
[Thu Feb 19 01:43:06 AM +06 2026] Uvicorn died, restarting in 3s...
[Thu Feb 19 01:43:09 AM +06 2026] Starting uvicorn...
[Thu Feb 19 01:43:10 AM +06 2026] Uvicorn died, restarting in 3s...
[Thu Feb 19 01:43:13 AM +06 2026] Starting uvicorn...
[Thu Feb 19 01:43:14 AM +06 2026] Uvicorn died, restarting in 3s...
[Thu Feb 19 01:43:17 AM +06 2026] Starting uvicorn...
[Thu Feb 19 01:43:17 AM +06 2026] Uvicorn died, restarting in 3s...
[Thu Feb 19 01:43:20 AM +06 2026] Starting uvicorn...
[Thu Feb 19 01:43:21 AM +06 2026] Uvicorn died, restarting in 3s...
[Thu Feb 19 01:43:24 AM +06 2026] Starting uvicorn...
[Thu Feb 19 01:43:25 AM +06 2026] Uvicorn died, restarting in 3s...
[Thu Feb 19 01:43:28 AM +06 2026] Starting uvicorn...
[Thu Feb 19 01:43:30 AM +06 2026] Uvicorn died, restarting in 3s...
[Thu Feb 19 01:43:33 AM +06 2026] Starting uvicorn...
[Thu Feb 19 01:43:33 AM +06 2026] Uvicorn died, restarting in 3s...
[Thu Feb 19 01:43:36 AM +06 2026] Starting uvicorn...
[Thu Feb 19 01:43:37 AM +06 2026] Uvicorn died, restarting in 3s...
[Thu Feb 19 01:43:41 AM +06 2026] Starting uvicorn...
[Thu Feb 19 01:43:41 AM +06 2026] Uvicorn died, restarting in 3s...
[Thu Feb 19 01:43:45 AM +06 2026] Starting uvicorn...
[Thu Feb 19 01:43:46 AM +06 2026] Uvicorn died, restarting in 3s...
[Thu Feb 19 01:43:49 AM +06 2026] Starting uvicorn...
[Thu Feb 19 01:43:50 AM +06 2026] Uvicorn died, restarting in 3s...
[Thu Feb 19 01:43:53 AM +06 2026] Starting uvicorn...
[Thu Feb 19 01:43:54 AM +06 2026] Uvicorn died, restarting in 3s...
[Thu Feb 19 01:43:57 AM +06 2026] Starting uvicorn...
[Thu Feb 19 01:43:58 AM +06 2026] Uvicorn died, restarting in 3s...
[Thu Feb 19 01:44:01 AM +06 2026] Starting uvicorn...
[Thu Feb 19 01:44:02 AM +06 2026] Uvicorn died, restarting in 3s...
[Thu Feb 19 01:44:05 AM +06 2026] Starting uvicorn...
[Thu Feb 19 01:44:06 AM +06 2026] Uvicorn died, restarting in 3s...
[Thu Feb 19 01:44:09 AM +06 2026] Starting uvicorn...
[Thu Feb 19 01:44:10 AM +06 2026] Uvicorn died, restarting in 3s...
[Thu Feb 19 01:44:13 AM +06 2026] Starting uvicorn...
[Thu Feb 19 01:44:14 AM +06 2026] Uvicorn died, restarting in 3s...
[Thu Feb 19 01:44:17 AM +06 2026] Starting uvicorn...
[Thu Feb 19 01:44:18 AM +06 2026] Uvicorn died, restarting in 3s...
[Thu Feb 19 01:44:21 AM +06 2026] Starting uvicorn...
[Thu Feb 19 01:44:22 AM +06 2026] Uvicorn died, restarting in 3s...
[Thu Feb 19 01:44:25 AM +06 2026] Starting uvicorn...
[Thu Feb 19 01:44:26 AM +06 2026] Uvicorn died, restarting in 3s...
[Thu Feb 19 01:44:29 AM +06 2026] Starting uvicorn...
[Thu Feb 19 01:44:30 AM +06 2026] Uvicorn died, restarting in 3s...
[Thu Feb 19 01:44:33 AM +06 2026] Starting uvicorn...
[Thu Feb 19 01:44:34 AM +06 2026] Uvicorn died, restarting in 3s...
[Thu Feb 19 01:44:37 AM +06 2026] Starting uvicorn...
[Thu Feb 19 01:44:38 AM +06 2026] Uvicorn died, restarting in 3s...
[Thu Feb 19 01:44:41 AM +06 2026] Starting uvicorn...
[Thu Feb 19 01:44:42 AM +06 2026] Uvicorn died, restarting in 3s...
[Thu Feb 19 01:44:45 AM +06 2026] Starting uvicorn...
[Thu Feb 19 01:44:46 AM +06 2026] Uvicorn died, restarting in 3s...
[Thu Feb 19 01:44:49 AM +06 2026] Starting uvicorn...
[Thu Feb 19 01:44:49 AM +06 2026] Uvicorn died, restarting in 3s...
[Thu Feb 19 01:44:52 AM +06 2026] Starting uvicorn...
/home/hm.rahman/cmt/keep_alive.sh: line 9: 2168341 Killed                  uvicorn app.main:app --host 0.0.0.0 --port 8000 --workers 1 >> /home/hm.rahman/cmt/logs/backend.log 2>&1
[Thu Feb 19 01:50:21 AM +06 2026] Uvicorn died, restarting in 3s...
[Thu Feb 19 01:50:24 AM +06 2026] Starting uvicorn...
/home/hm.rahman/cmt/keep_alive.sh: line 9: 2168973 Killed                  uvicorn app.main:app --host 0.0.0.0 --port 8000 --workers 1 >> /home/hm.rahman/cmt/logs/backend.log 2>&1
[Thu Feb 19 01:56:20 AM +06 2026] Uvicorn died, restarting in 3s...
[Thu Feb 19 01:56:23 AM +06 2026] Starting uvicorn...
